#
# A fatal error has been detected by the Java Runtime Environment:
#
#  Internal Error (javaCalls.cpp:51), pid=16752, tid=0x0000000000003bfc
#  guarantee(thread->is_Java_thread()) failed: crucial check - the VM thread cannot and must not escape to Java code
#
# JRE version: Java(TM) SE Runtime Environment (8.0_231-b11) (build 1.8.0_231-b11)
# Java VM: Java HotSpot(TM) 64-Bit Server VM (25.231-b11 mixed mode windows-amd64 compressed oops)
# Failed to write core dump. Minidumps are not enabled by default on client versions of Windows
#
# If you would like to submit a bug report, please visit:
#   http://bugreport.java.com/bugreport/crash.jsp
#

---------------  T H R E A D  ---------------

Current thread (0x00000000029ce000):  GCTaskThread [stack: 0x00000000139f0000,0x0000000013af0000] [id=15356]

Stack: [0x00000000139f0000,0x0000000013af0000]
[error occurred during error reporting (printing stack bounds), id 0xc0000005]

Native frames: (J=compiled Java code, j=interpreted, Vv=VM code, C=native code)

JavaThread 0x000000002bb20000 (nid = 18180) was being processed
Java frames: (J=compiled Java code, j=interpreted, Vv=VM code)
v  ~RuntimeStub::new_type_array Runtime1 stub
J 1161 C1 java.io.ByteArrayOutputStream.grow(I)V (43 bytes) @ 0x000000000308acb3 [0x000000000308a7c0+0x4f3]
J 1039 C1 java.io.ByteArrayOutputStream.write([BII)V (66 bytes) @ 0x00000000030248ac [0x00000000030245c0+0x2ec]
j  com.google.common.io.ByteStreams.copy(Ljava/io/InputStream;Ljava/io/OutputStream;)J+37
j  org.openqa.selenium.remote.http.HttpMessage.getContent()[B+33
j  org.openqa.selenium.remote.http.HttpResponse.getContent()[B+1
j  org.openqa.selenium.remote.http.HttpMessage.getContentString()Ljava/lang/String;+5
j  org.openqa.selenium.remote.http.HttpResponse.getContentString()Ljava/lang/String;+1
j  org.openqa.selenium.remote.http.W3CHttpResponseCodec.decode(Lorg/openqa/selenium/remote/http/HttpResponse;)Lorg/openqa/selenium/remote/Response;+1
j  org.openqa.selenium.remote.http.W3CHttpResponseCodec.decode(Ljava/lang/Object;)Lorg/openqa/selenium/remote/Response;+5
j  org.openqa.selenium.remote.HttpCommandExecutor.execute(Lorg/openqa/selenium/remote/Command;)Lorg/openqa/selenium/remote/Response;+328
j  org.openqa.selenium.remote.service.DriverCommandExecutor.execute(Lorg/openqa/selenium/remote/Command;)Lorg/openqa/selenium/remote/Response;+21
j  org.openqa.selenium.remote.RemoteWebDriver.execute(Ljava/lang/String;Ljava/util/Map;)Lorg/openqa/selenium/remote/Response;+74
j  org.openqa.selenium.remote.RemoteWebDriver.execute(Ljava/lang/String;)Lorg/openqa/selenium/remote/Response;+5
j  org.openqa.selenium.remote.RemoteWebDriver.getScreenshotAs(Lorg/openqa/selenium/OutputType;)Ljava/lang/Object;+3
j  com.testcases.TestBase.captureScreenshot(Lorg/openqa/selenium/WebDriver;)Ljava/lang/String;+185
j  com.testcases.TestBase.ReportStatus(Ljava/lang/String;Ljava/lang/String;)V+135
j  com.testcases.TestBase.WaitForElement(Lorg/openqa/selenium/support/ui/ExpectedCondition;)V+63
j  com.testcases.TestBase.isElementPresent(Lorg/openqa/selenium/WebElement;)Z+14
j  com.pages.NikuHomePage.ValidateHDPCluster()V+35
j  com.testcases.ClarityPPMHealthCheckTest.HealthCheck(Ljava/util/Hashtable;)V+104
v  ~StubRoutines::call_stub
j  sun.reflect.NativeMethodAccessorImpl.invoke0(Ljava/lang/reflect/Method;Ljava/lang/Object;[Ljava/lang/Object;)Ljava/lang/Object;+0
j  sun.reflect.NativeMethodAccessorImpl.invoke(Ljava/lang/Object;[Ljava/lang/Object;)Ljava/lang/Object;+100
j  sun.reflect.DelegatingMethodAccessorImpl.invoke(Ljava/lang/Object;[Ljava/lang/Object;)Ljava/lang/Object;+6
j  java.lang.reflect.Method.invoke(Ljava/lang/Object;[Ljava/lang/Object;)Ljava/lang/Object;+56
j  org.testng.internal.MethodInvocationHelper.invokeMethod(Ljava/lang/reflect/Method;Ljava/lang/Object;[Ljava/lang/Object;)Ljava/lang/Object;+258
j  org.testng.internal.TestInvoker.invokeMethod(Lorg/testng/internal/TestMethodArguments;Lorg/testng/xml/XmlSuite;Lorg/testng/internal/ITestInvoker$FailureContext;)Lorg/testng/ITestResult;+690
j  org.testng.internal.TestInvoker.invokeTestMethod(Lorg/testng/internal/TestMethodArguments;Lorg/testng/xml/XmlSuite;Lorg/testng/internal/ITestInvoker$FailureContext;)Lorg/testng/ITestResult;+16
j  org.testng.internal.TestMethodWithDataProviderMethodWorker.call()Ljava/util/List;+124
j  org.testng.internal.TestMethodWithDataProviderMethodWorker.call()Ljava/lang/Object;+1
j  java.util.concurrent.FutureTask.run()V+42
j  java.util.concurrent.Executors$RunnableAdapter.call()Ljava/lang/Object;+4
j  java.util.concurrent.FutureTask.run()V+42
j  java.util.concurrent.ThreadPoolExecutor.runWorker(Ljava/util/concurrent/ThreadPoolExecutor$Worker;)V+95
j  java.util.concurrent.ThreadPoolExecutor$Worker.run()V+5
j  java.lang.Thread.run()V+11
v  ~StubRoutines::call_stub

---------------  P R O C E S S  ---------------

Java Threads: ( => current thread )
  0x000000002bf1d000 JavaThread "Okio Watchdog" daemon [_thread_blocked, id=16580, stack(0x000000002e560000,0x000000002e660000)]
  0x000000002d3ac000 JavaThread "OkHttp ConnectionPool" daemon [_thread_blocked, id=18344, stack(0x000000002e6a0000,0x000000002e7a0000)]
  0x000000002d096800 JavaThread "Exec Stream Pumper" daemon [_thread_in_native, id=7036, stack(0x000000002e160000,0x000000002e260000)]
  0x000000002cfba800 JavaThread "Exec Stream Pumper" daemon [_thread_in_native, id=18888, stack(0x000000002e060000,0x000000002e160000)]
  0x000000002cf87000 JavaThread "Exec Default Executor" daemon [_thread_in_native, id=17576, stack(0x000000002cc20000,0x000000002cd20000)]
  0x000000002bb20000 JavaThread "Forwarding screenshot on session d0de209eb47d558080a622912ffb43bd to remote" [_thread_blocked, id=18180, stack(0x000000002c620000,0x000000002c720000)]
  0x000000002b199800 JavaThread "ReaderThread" [_thread_in_native, id=14060, stack(0x000000002b350000,0x000000002b450000)]
  0x00000000279ad800 JavaThread "Service Thread" daemon [_thread_blocked, id=4128, stack(0x000000002a850000,0x000000002a950000)]
  0x0000000027991000 JavaThread "C1 CompilerThread11" daemon [_thread_blocked, id=14132, stack(0x000000002a750000,0x000000002a850000)]
  0x000000002798e000 JavaThread "C1 CompilerThread10" daemon [_thread_blocked, id=4948, stack(0x000000002a650000,0x000000002a750000)]
  0x0000000027972800 JavaThread "C1 CompilerThread9" daemon [_thread_blocked, id=13856, stack(0x000000002a550000,0x000000002a650000)]
  0x0000000027971800 JavaThread "C1 CompilerThread8" daemon [_thread_blocked, id=14560, stack(0x000000002a450000,0x000000002a550000)]
  0x0000000027955000 JavaThread "C2 CompilerThread7" daemon [_thread_blocked, id=7672, stack(0x000000002a350000,0x000000002a450000)]
  0x0000000027949800 JavaThread "C2 CompilerThread6" daemon [_thread_blocked, id=13560, stack(0x000000002a250000,0x000000002a350000)]
  0x0000000027928000 JavaThread "C2 CompilerThread5" daemon [_thread_blocked, id=11220, stack(0x000000002a050000,0x000000002a150000)]
  0x000000002790a000 JavaThread "C2 CompilerThread4" daemon [_thread_blocked, id=14008, stack(0x0000000029f50000,0x000000002a050000)]
  0x00000000278db800 JavaThread "C2 CompilerThread3" daemon [_thread_blocked, id=4796, stack(0x0000000029e50000,0x0000000029f50000)]
  0x00000000278da800 JavaThread "C2 CompilerThread2" daemon [_thread_blocked, id=5168, stack(0x0000000029d50000,0x0000000029e50000)]
  0x00000000278d6000 JavaThread "C2 CompilerThread1" daemon [_thread_blocked, id=10388, stack(0x0000000029c50000,0x0000000029d50000)]
  0x00000000278d4800 JavaThread "C2 CompilerThread0" daemon [_thread_blocked, id=19092, stack(0x0000000029b50000,0x0000000029c50000)]
  0x00000000278d0800 JavaThread "JDWP Command Reader" daemon [_thread_in_native, id=18016, stack(0x0000000029a50000,0x0000000029b50000)]
  0x00000000278c5000 JavaThread "JDWP Event Helper Thread" daemon [_thread_blocked, id=12236, stack(0x0000000029950000,0x0000000029a50000)]
  0x00000000278b8800 JavaThread "JDWP Transport Listener: dt_socket" daemon [_thread_blocked, id=17620, stack(0x0000000029850000,0x0000000029950000)]
  0x00000000278af000 JavaThread "Attach Listener" daemon [_thread_blocked, id=19336, stack(0x0000000029410000,0x0000000029510000)]
  0x00000000278ac000 JavaThread "Signal Dispatcher" daemon [_thread_blocked, id=1440, stack(0x0000000029310000,0x0000000029410000)]
  0x0000000025e39000 JavaThread "Finalizer" daemon [_thread_blocked, id=15512, stack(0x0000000029110000,0x0000000029210000)]
  0x0000000025e2f800 JavaThread "Reference Handler" daemon [_thread_blocked, id=14112, stack(0x0000000029010000,0x0000000029110000)]
  0x00000000029b6800 JavaThread "main" [_thread_blocked, id=17384, stack(0x00000000028b0000,0x00000000029b0000)]

Other Threads:
  0x0000000025e28800 VMThread [stack: 0x0000000028f10000,0x0000000029010000] [id=4580]
  0x00000000279b2800 WatcherThread [stack: 0x000000002a950000,0x000000002aa50000] [id=7228]

=>0x00000000029ce000 (exited) GCTaskThread [stack: 0x00000000139f0000,0x0000000013af0000] [id=15356]

VM state:at safepoint (normal execution)

VM Mutex/Monitor currently owned by a thread:  ([mutex/lock_event])
[0x00000000029b3560] Threads_lock - owner thread: 0x0000000025e28800
[0x00000000029b3ae0] Heap_lock - owner thread: 0x000000002bb20000

heap address: 0x00000005c4600000, size: 8122 MB, Compressed Oops mode: Zero based, Oop shift amount: 3
Narrow klass base: 0x0000000000000000, Narrow klass shift: 3
Compressed class space size: 1073741824 Address: 0x00000007c0000000

Heap:
 PSYoungGen      total 151552K, used 129815K [0x0000000716d00000, 0x0000000721600000, 0x00000007c0000000)
  eden space 130048K, 99% used [0x0000000716d00000,0x000000071ebc5c10,0x000000071ec00000)
  from space 21504K, 0% used [0x000000071ec00000,0x000000071ec00000,0x0000000720100000)
  to   space 21504K, 6% used [0x0000000720100000,0x0000000720246b28,0x0000000721600000)
 ParOldGen       total 144384K, used 14252K [0x00000005c4600000, 0x00000005cd300000, 0x0000000716d00000)
  object space 144384K, 9% used [0x00000005c4600000,0x00000005c53eb268,0x00000005cd300000)
 Metaspace       used 21999K, capacity 22984K, committed 23296K, reserved 1069056K
  class space    used 2722K, capacity 2984K, committed 3072K, reserved 1048576K

Card table byte_map: [0x0000000011e70000,0x0000000012e50000] byte_map_base: 0x000000000f04d000

Marking Bits: (ParMarkBitMap*) 0x0000000066116d90
 Begin Bits: [0x00000000145f0000, 0x000000001c4d8000)
 End Bits:   [0x000000001c4d8000, 0x00000000243c0000)

Polling page: 0x00000000005e0000

CodeCache: size=245760Kb used=9103Kb max_used=9298Kb free=236656Kb
 bounds [0x0000000002ab0000, 0x00000000033d0000, 0x0000000011ab0000]
 total_blobs=2753 nmethods=2293 adapters=377
 compilation: enabled

Compilation events (10 events):
Event: 499.508 Thread 0x000000002798e000 2593       3       java.net.SocketInputStream::read (15 bytes)
Event: 499.508 Thread 0x0000000027971800 nmethod 2590 0x0000000002effa10 code [0x0000000002effb80, 0x0000000002effed0]
Event: 499.508 Thread 0x0000000027971800 2594   !   3       java.net.SocketInputStream::read (328 bytes)
Event: 499.509 Thread 0x000000002798e000 nmethod 2593 0x0000000002eff510 code [0x0000000002eff680, 0x0000000002eff918]
Event: 499.509 Thread 0x000000002798e000 2595       3       java.net.SocketInputStream::socketRead (12 bytes)
Event: 499.509 Thread 0x000000002798e000 nmethod 2595 0x0000000002eff110 code [0x0000000002eff280, 0x0000000002eff448]
Event: 499.509 Thread 0x000000002798e000 2598  s    3       okio.AsyncTimeout::cancelScheduledTimeout (41 bytes)
Event: 499.509 Thread 0x000000002798e000 nmethod 2598 0x0000000002efea10 code [0x0000000002efeb80, 0x0000000002efefb0]
Event: 499.509 Thread 0x0000000027991000 nmethod 2591 0x0000000002df3f90 code [0x0000000002df41a0, 0x0000000002df4dc8]
Event: 499.509 Thread 0x0000000027972800 nmethod 2592 0x0000000002df27d0 code [0x0000000002df2a40, 0x0000000002df3828]

GC Heap History (5 events):
Event: 12.875 GC heap before
{Heap before GC invocations=1 (full 0):
 PSYoungGen      total 151552K, used 130048K [0x0000000716d00000, 0x0000000721600000, 0x00000007c0000000)
  eden space 130048K, 100% used [0x0000000716d00000,0x000000071ec00000,0x000000071ec00000)
  from space 21504K, 0% used [0x0000000720100000,0x0000000720100000,0x0000000721600000)
  to   space 21504K, 0% used [0x000000071ec00000,0x000000071ec00000,0x0000000720100000)
 ParOldGen       total 347136K, used 0K [0x00000005c4600000, 0x00000005d9900000, 0x0000000716d00000)
  object space 347136K, 0% used [0x00000005c4600000,0x00000005c4600000,0x00000005d9900000)
 Metaspace       used 20387K, capacity 21170K, committed 21248K, reserved 1067008K
  class space    used 2551K, capacity 2747K, committed 2816K, reserved 1048576K
Event: 12.884 GC heap after
Heap after GC invocations=1 (full 0):
 PSYoungGen      total 151552K, used 14918K [0x0000000716d00000, 0x0000000721600000, 0x00000007c0000000)
  eden space 130048K, 0% used [0x0000000716d00000,0x0000000716d00000,0x000000071ec00000)
  from space 21504K, 69% used [0x000000071ec00000,0x000000071fa91850,0x0000000720100000)
  to   space 21504K, 0% used [0x0000000720100000,0x0000000720100000,0x0000000721600000)
 ParOldGen       total 347136K, used 88K [0x00000005c4600000, 0x00000005d9900000, 0x0000000716d00000)
  object space 347136K, 0% used [0x00000005c4600000,0x00000005c4616010,0x00000005d9900000)
 Metaspace       used 20387K, capacity 21170K, committed 21248K, reserved 1067008K
  class space    used 2551K, capacity 2747K, committed 2816K, reserved 1048576K
}
Event: 12.884 GC heap before
{Heap before GC invocations=2 (full 1):
 PSYoungGen      total 151552K, used 14918K [0x0000000716d00000, 0x0000000721600000, 0x00000007c0000000)
  eden space 130048K, 0% used [0x0000000716d00000,0x0000000716d00000,0x000000071ec00000)
  from space 21504K, 69% used [0x000000071ec00000,0x000000071fa91850,0x0000000720100000)
  to   space 21504K, 0% used [0x0000000720100000,0x0000000720100000,0x0000000721600000)
 ParOldGen       total 347136K, used 88K [0x00000005c4600000, 0x00000005d9900000, 0x0000000716d00000)
  object space 347136K, 0% used [0x00000005c4600000,0x00000005c4616010,0x00000005d9900000)
 Metaspace       used 20387K, capacity 21170K, committed 21248K, reserved 1067008K
  class space    used 2551K, capacity 2747K, committed 2816K, reserved 1048576K
Event: 12.913 GC heap after
Heap after GC invocations=2 (full 1):
 PSYoungGen      total 151552K, used 0K [0x0000000716d00000, 0x0000000721600000, 0x00000007c0000000)
  eden space 130048K, 0% used [0x0000000716d00000,0x0000000716d00000,0x000000071ec00000)
  from space 21504K, 0% used [0x000000071ec00000,0x000000071ec00000,0x0000000720100000)
  to   space 21504K, 0% used [0x0000000720100000,0x0000000720100000,0x0000000721600000)
 ParOldGen       total 144384K, used 14244K [0x00000005c4600000, 0x00000005cd300000, 0x0000000716d00000)
  object space 144384K, 9% used [0x00000005c4600000,0x00000005c53e9268,0x00000005cd300000)
 Metaspace       used 20387K, capacity 21170K, committed 21248K, reserved 1067008K
  class space    used 2551K, capacity 2747K, committed 2816K, reserved 1048576K
}
Event: 499.509 GC heap before
{Heap before GC invocations=3 (full 1):
 PSYoungGen      total 151552K, used 129814K [0x0000000716d00000, 0x0000000721600000, 0x00000007c0000000)
  eden space 130048K, 99% used [0x0000000716d00000,0x000000071ebc5b18,0x000000071ec00000)
  from space 21504K, 0% used [0x000000071ec00000,0x000000071ec00000,0x0000000720100000)
  to   space 21504K, 0% used [0x0000000720100000,0x0000000720100000,0x0000000721600000)
 ParOldGen       total 144384K, used 14244K [0x00000005c4600000, 0x00000005cd300000, 0x0000000716d00000)
  object space 144384K, 9% used [0x00000005c4600000,0x00000005c53e9268,0x00000005cd300000)
 Metaspace       used 21999K, capacity 22984K, committed 23296K, reserved 1069056K
  class space    used 2722K, capacity 2984K, committed 3072K, reserved 1048576K

Deoptimization events (10 events):
Event: 12.993 Thread 0x000000002bb20000 Uncommon trap: reason=range_check action=none pc=0x0000000002fee764 method=sun.reflect.generics.parser.SignatureParser.current()C @ 34
Event: 12.993 Thread 0x000000002bb20000 Uncommon trap: reason=range_check action=none pc=0x0000000002fee764 method=sun.reflect.generics.parser.SignatureParser.current()C @ 34
Event: 12.994 Thread 0x000000002bb20000 Uncommon trap: reason=range_check action=none pc=0x0000000002fee764 method=sun.reflect.generics.parser.SignatureParser.current()C @ 34
Event: 12.994 Thread 0x000000002bb20000 Uncommon trap: reason=range_check action=none pc=0x0000000002fee764 method=sun.reflect.generics.parser.SignatureParser.current()C @ 34
Event: 12.994 Thread 0x000000002bb20000 Uncommon trap: reason=range_check action=none pc=0x0000000002fee764 method=sun.reflect.generics.parser.SignatureParser.current()C @ 34
Event: 12.997 Thread 0x000000002bb20000 Uncommon trap: reason=range_check action=none pc=0x0000000002fee764 method=sun.reflect.generics.parser.SignatureParser.current()C @ 34
Event: 12.997 Thread 0x000000002bb20000 Uncommon trap: reason=range_check action=none pc=0x0000000002fee764 method=sun.reflect.generics.parser.SignatureParser.current()C @ 34
Event: 69.192 Thread 0x000000002bb20000 Uncommon trap: reason=unstable_if action=reinterpret pc=0x000000000318ffec method=java.io.WinNTFileSystem.normalize(Ljava/lang/String;)Ljava/lang/String; @ 74
Event: 93.642 Thread 0x000000002bb20000 Uncommon trap: reason=unstable_if action=reinterpret pc=0x00000000031825d0 method=org.openqa.selenium.json.JsonInput.readString()Ljava/lang/String; @ 51
Event: 139.043 Thread 0x000000002bb20000 Uncommon trap: reason=unstable_if action=reinterpret pc=0x000000000303a688 method=org.openqa.selenium.json.JsonInput.readString()Ljava/lang/String; @ 51

Classes redefined (3 events):
Event: 303.586 Thread 0x0000000025e28800 redefined class name=com.testcases.TestBase, count=1
Event: 418.748 Thread 0x0000000025e28800 redefined class name=com.testcases.TestBase, count=2
Event: 487.905 Thread 0x0000000025e28800 redefined class name=com.testcases.TestBase, count=3

Internal exceptions (10 events):
Event: 436.314 Thread 0x000000002bb20000 Exception <a 'java/net/SocketTimeoutException': Read timed out> (0x000000071e830168) thrown at [C:\re\workspace\8-2-build-windows-amd64-cygwin\jdk8u231\13620\hotspot\src\share\vm\prims\jni.cpp, line 736]
Event: 441.904 Thread 0x000000002bb20000 Exception <a 'java/net/SocketTimeoutException': Read timed out> (0x000000071e8672d8) thrown at [C:\re\workspace\8-2-build-windows-amd64-cygwin\jdk8u231\13620\hotspot\src\share\vm\prims\jni.cpp, line 736]
Event: 446.936 Thread 0x000000002bb20000 Exception <a 'java/net/SocketTimeoutException': Read timed out> (0x000000071e89e408) thrown at [C:\re\workspace\8-2-build-windows-amd64-cygwin\jdk8u231\13620\hotspot\src\share\vm\prims\jni.cpp, line 736]
Event: 460.738 Thread 0x000000002bb20000 Exception <a 'java/net/SocketTimeoutException': Read timed out> (0x000000071e8ddbe8) thrown at [C:\re\workspace\8-2-build-windows-amd64-cygwin\jdk8u231\13620\hotspot\src\share\vm\prims\jni.cpp, line 736]
Event: 466.274 Thread 0x000000002bb20000 Exception <a 'java/net/SocketTimeoutException': Read timed out> (0x000000071e914c68) thrown at [C:\re\workspace\8-2-build-windows-amd64-cygwin\jdk8u231\13620\hotspot\src\share\vm\prims\jni.cpp, line 736]
Event: 471.862 Thread 0x000000002bb20000 Exception <a 'java/net/SocketTimeoutException': Read timed out> (0x000000071e94bce8) thrown at [C:\re\workspace\8-2-build-windows-amd64-cygwin\jdk8u231\13620\hotspot\src\share\vm\prims\jni.cpp, line 736]
Event: 477.426 Thread 0x000000002bb20000 Exception <a 'java/net/SocketTimeoutException': Read timed out> (0x000000071e982d68) thrown at [C:\re\workspace\8-2-build-windows-amd64-cygwin\jdk8u231\13620\hotspot\src\share\vm\prims\jni.cpp, line 736]
Event: 483.005 Thread 0x000000002bb20000 Exception <a 'java/net/SocketTimeoutException': Read timed out> (0x000000071e9ba488) thrown at [C:\re\workspace\8-2-build-windows-amd64-cygwin\jdk8u231\13620\hotspot\src\share\vm\prims\jni.cpp, line 736]
Event: 488.523 Thread 0x000000002bb20000 Exception <a 'java/net/SocketTimeoutException': Read timed out> (0x000000071e9f18f8) thrown at [C:\re\workspace\8-2-build-windows-amd64-cygwin\jdk8u231\13620\hotspot\src\share\vm\prims\jni.cpp, line 736]
Event: 493.562 Thread 0x000000002bb20000 Exception <a 'java/net/SocketTimeoutException': Read timed out> (0x000000071ea28a28) thrown at [C:\re\workspace\8-2-build-windows-amd64-cygwin\jdk8u231\13620\hotspot\src\share\vm\prims\jni.cpp, line 736]

Events (10 events):
Event: 493.560 Thread 0x000000002bb20000 DEOPT UNPACKING pc=0x0000000002af7890 sp=0x000000002c71d328 mode 1
Event: 493.560 Thread 0x000000002bb20000 DEOPT PACKING pc=0x00000000033c61ac sp=0x000000002c71d530
Event: 493.560 Thread 0x000000002bb20000 DEOPT UNPACKING pc=0x0000000002af7890 sp=0x000000002c71d2d0 mode 1
Event: 493.560 Thread 0x000000002bb20000 DEOPT PACKING pc=0x000000000337818c sp=0x000000002c71d600
Event: 493.560 Thread 0x000000002bb20000 DEOPT UNPACKING pc=0x0000000002af7890 sp=0x000000002c71d3a8 mode 1
Event: 493.560 Thread 0x000000002bb20000 DEOPT PACKING pc=0x00000000033c61ac sp=0x000000002c71d4b0
Event: 493.560 Thread 0x000000002bb20000 DEOPT UNPACKING pc=0x0000000002af7890 sp=0x000000002c71d250 mode 1
Event: 493.560 Thread 0x000000002bb20000 DEOPT PACKING pc=0x000000000337818c sp=0x000000002c71d580
Event: 493.560 Thread 0x000000002bb20000 DEOPT UNPACKING pc=0x0000000002af7890 sp=0x000000002c71d328 mode 1
Event: 499.509 Executing VM operation: ParallelGCFailedAllocation


Dynamic libraries:
0x00007ff79f840000 - 0x00007ff79f877000 	C:\Program Files\Java\jdk1.8.0_231\bin\javaw.exe
0x00007ffa73c60000 - 0x00007ffa73e50000 	C:\windows\SYSTEM32\ntdll.dll
0x00007ffa739c0000 - 0x00007ffa73a72000 	C:\windows\System32\KERNEL32.DLL
0x00007ffa73710000 - 0x00007ffa739b3000 	C:\windows\System32\KERNELBASE.dll
0x0000000068bf0000 - 0x0000000068c83000 	C:\windows\System32\SYSFER.DLL
0x00007ffa71a20000 - 0x00007ffa71ac3000 	C:\windows\System32\ADVAPI32.dll
0x00007ffa73260000 - 0x00007ffa732fe000 	C:\windows\System32\msvcrt.dll
0x00007ffa73370000 - 0x00007ffa73407000 	C:\windows\System32\sechost.dll
0x00007ffa72a90000 - 0x00007ffa72bb0000 	C:\windows\System32\RPCRT4.dll
0x00007ffa73a80000 - 0x00007ffa73c14000 	C:\windows\System32\USER32.dll
0x00007ffa71990000 - 0x00007ffa719b1000 	C:\windows\System32\win32u.dll
0x00007ffa71e30000 - 0x00007ffa71e56000 	C:\windows\System32\GDI32.dll
0x00007ffa717f0000 - 0x00007ffa71984000 	C:\windows\System32\gdi32full.dll
0x00007ffa71750000 - 0x00007ffa717ee000 	C:\windows\System32\msvcp_win.dll
0x00007ffa71600000 - 0x00007ffa716fa000 	C:\windows\System32\ucrtbase.dll
0x00007ffa51240000 - 0x00007ffa514c5000 	C:\windows\WinSxS\amd64_microsoft.windows.common-controls_6595b64144ccf1df_6.0.18362.535_none_e6c3b34713100821\COMCTL32.dll
0x00007ffa72bc0000 - 0x00007ffa72ef6000 	C:\windows\System32\combase.dll
0x00007ffa70d50000 - 0x00007ffa70dd0000 	C:\windows\System32\bcryptPrimitives.dll
0x00007ffa734c0000 - 0x00007ffa734ee000 	C:\windows\System32\IMM32.DLL
0x00000000661a0000 - 0x0000000066272000 	C:\Program Files\Java\jdk1.8.0_231\jre\bin\msvcr100.dll
0x00000000658f0000 - 0x0000000066196000 	C:\Program Files\Java\jdk1.8.0_231\jre\bin\server\jvm.dll
0x00007ffa72bb0000 - 0x00007ffa72bb8000 	C:\windows\System32\PSAPI.DLL
0x00007ffa648f0000 - 0x00007ffa648f9000 	C:\windows\SYSTEM32\WSOCK32.dll
0x00007ffa73300000 - 0x00007ffa7336f000 	C:\windows\System32\WS2_32.dll
0x00007ffa6e740000 - 0x00007ffa6e764000 	C:\windows\SYSTEM32\WINMM.dll
0x00007ffa699a0000 - 0x00007ffa699aa000 	C:\windows\SYSTEM32\VERSION.dll
0x00007ffa6e710000 - 0x00007ffa6e73d000 	C:\windows\SYSTEM32\WINMMBASE.dll
0x00007ffa71700000 - 0x00007ffa7174a000 	C:\windows\System32\cfgmgr32.dll
0x00007ffa6cd60000 - 0x00007ffa6cd6f000 	C:\Program Files\Java\jdk1.8.0_231\jre\bin\verify.dll
0x00007ffa69070000 - 0x00007ffa69099000 	C:\Program Files\Java\jdk1.8.0_231\jre\bin\java.dll
0x00007ffa69030000 - 0x00007ffa69065000 	C:\Program Files\Java\jdk1.8.0_231\jre\bin\jdwp.dll
0x00007ffa6af40000 - 0x00007ffa6af48000 	C:\Program Files\Java\jdk1.8.0_231\jre\bin\npt.dll
0x00007ffa673a0000 - 0x00007ffa673b6000 	C:\Program Files\Java\jdk1.8.0_231\jre\bin\zip.dll
0x00007ffa723a0000 - 0x00007ffa72a85000 	C:\windows\System32\SHELL32.dll
0x00007ffa71af0000 - 0x00007ffa71b99000 	C:\windows\System32\shcore.dll
0x00007ffa70e80000 - 0x00007ffa715ff000 	C:\windows\System32\windows.storage.dll
0x00007ffa70b90000 - 0x00007ffa70baf000 	C:\windows\System32\profapi.dll
0x00007ffa70b40000 - 0x00007ffa70b8a000 	C:\windows\System32\powrprof.dll
0x00007ffa70af0000 - 0x00007ffa70b00000 	C:\windows\System32\UMPDC.dll
0x00007ffa73040000 - 0x00007ffa73092000 	C:\windows\System32\shlwapi.dll
0x00007ffa70b00000 - 0x00007ffa70b11000 	C:\windows\System32\kernel.appcore.dll
0x00007ffa70d00000 - 0x00007ffa70d17000 	C:\windows\System32\cryptsp.dll
0x00007ffa68f20000 - 0x00007ffa68f29000 	C:\Program Files\Java\jdk1.8.0_231\jre\bin\dt_socket.dll
0x00007ffa5e330000 - 0x00007ffa5e346000 	C:\windows\system32\napinsp.dll
0x00007ffa5e040000 - 0x00007ffa5e05a000 	C:\windows\system32\pnrpnsp.dll
0x00007ffa70310000 - 0x00007ffa70377000 	C:\windows\System32\mswsock.dll
0x00007ffa70080000 - 0x00007ffa7014a000 	C:\windows\SYSTEM32\DNSAPI.dll
0x00007ffa72390000 - 0x00007ffa72398000 	C:\windows\System32\NSI.dll
0x00007ffa70030000 - 0x00007ffa7006a000 	C:\windows\SYSTEM32\IPHLPAPI.DLL
0x00007ffa5e3e0000 - 0x00007ffa5e3ee000 	C:\windows\System32\winrnr.dll
0x00007ffa6cb10000 - 0x00007ffa6cb2c000 	C:\windows\system32\NLAapi.dll
0x00007ffa6bcb0000 - 0x00007ffa6bcc5000 	C:\windows\system32\wshbth.dll
0x00007ffa6a610000 - 0x00007ffa6a687000 	C:\windows\System32\fwpuclnt.dll
0x00007ffa70d20000 - 0x00007ffa70d46000 	C:\windows\System32\bcrypt.dll
0x00007ffa68ea0000 - 0x00007ffa68eaa000 	C:\Windows\System32\rasadhlp.dll
0x00007ffa67360000 - 0x00007ffa6737a000 	C:\Program Files\Java\jdk1.8.0_231\jre\bin\net.dll
0x00007ffa6fe90000 - 0x00007ffa6fec3000 	C:\windows\system32\rsaenh.dll
0x00007ffa70a10000 - 0x00007ffa70a35000 	C:\windows\SYSTEM32\USERENV.dll
0x00007ffa70490000 - 0x00007ffa7049c000 	C:\windows\SYSTEM32\CRYPTBASE.dll
0x00007ffa6b100000 - 0x00007ffa6b116000 	C:\windows\SYSTEM32\dhcpcsvc6.DLL
0x00007ffa6b0b0000 - 0x00007ffa6b0cc000 	C:\windows\SYSTEM32\dhcpcsvc.DLL
0x00007ffa67230000 - 0x00007ffa67242000 	C:\Program Files\Java\jdk1.8.0_231\jre\bin\nio.dll
0x00007ffa665d0000 - 0x00007ffa665f4000 	C:\Program Files\Java\jdk1.8.0_231\jre\bin\sunec.dll
0x00007ffa67740000 - 0x00007ffa6774b000 	C:\Program Files\Java\jdk1.8.0_231\jre\bin\sunmscapi.dll
0x00007ffa70bb0000 - 0x00007ffa70cf9000 	C:\windows\System32\CRYPT32.dll
0x00007ffa70b20000 - 0x00007ffa70b32000 	C:\windows\System32\MSASN1.dll

VM Arguments:
jvm_args: -agentlib:jdwp=transport=dt_socket,suspend=y,address=localhost:55481 -ea -Dfile.encoding=Cp1252 
java_command: org.testng.remote.RemoteTestNG -serport 55480 -protocol json -d C:\Users\rg030672\Documents\UISanityHealthCheck-Parallel\test-output C:\Users\rg030672\Documents\UISanityHealthCheck-Parallel\testngParallel.xml
java_class_path (initial): C:\Users\rg030672\Documents\eclipse\configuration\org.eclipse.osgi\999\0\.cp\lib\testng-remote.jar;C:\Program Files\Java\jdk1.8.0_231\jre\lib\resources.jar;C:\Program Files\Java\jdk1.8.0_231\jre\lib\rt.jar;C:\Program Files\Java\jdk1.8.0_231\jre\lib\jsse.jar;C:\Program Files\Java\jdk1.8.0_231\jre\lib\jce.jar;C:\Program Files\Java\jdk1.8.0_231\jre\lib\charsets.jar;C:\Program Files\Java\jdk1.8.0_231\jre\lib\jfr.jar;C:\Program Files\Java\jdk1.8.0_231\jre\lib\ext\access-bridge-64.jar;C:\Program Files\Java\jdk1.8.0_231\jre\lib\ext\cldrdata.jar;C:\Program Files\Java\jdk1.8.0_231\jre\lib\ext\dnsns.jar;C:\Program Files\Java\jdk1.8.0_231\jre\lib\ext\jaccess.jar;C:\Program Files\Java\jdk1.8.0_231\jre\lib\ext\jfxrt.jar;C:\Program Files\Java\jdk1.8.0_231\jre\lib\ext\localedata.jar;C:\Program Files\Java\jdk1.8.0_231\jre\lib\ext\nashorn.jar;C:\Program Files\Java\jdk1.8.0_231\jre\lib\ext\sunec.jar;C:\Program Files\Java\jdk1.8.0_231\jre\lib\ext\sunjce_provider.jar;C:\Program Files\Java\jdk1.8.0_231\jre\lib\ext\sunmscapi.jar;C:\Program Files\Java\jdk1.8.0_231\jre\lib\ext\sunpkcs11.jar;C:\Program Files\Java\jdk1.8.0_231\jre\lib\ext\zipfs.jar;C:\Users\rg030672\Documents\UISanityHealthCheck-Parallel\target\test-classes;C:\Users\rg030672\Documents\UISanityHealthCheck-Parallel\target\classes;C:\Users\rg030672\Documents\eclipse\plugins\org.testng_7.0.0.r201908191551.jar;C:\Users\rg030672\Documents\eclipse\plugins\com.beust.jcommander_1.72.0.jar;C:\Users\rg030672\Documents\eclipse\plugins\org.apache-extras.beanshell.bsh_2.0.0.b6.jar;C:\Users\rg030672\Documents\eclipse\plugins\org.yaml.snakeyaml_1.21.0.jar;C:\Users\rg030672\.m2\repository\junit\junit\3.8.1\junit-3.8.1.jar;C:\Users\rg030672\.m2\repository\com\aventstack\extentreports\4.0.9\extentreports-4.0.9.jar;C:\Users\rg030672\.m2\repository\org\freemarker\freemarker\2.3.23\freemarker-2.3.23.jar;C:\Users\rg030672\.m2\repository\org\mongodb\mongodb-driver\3.3.0\mongodb-driver-3.3.0.jar;C:\Users\rg030672\.m2\rep
Launcher Type: SUN_STANDARD

Environment Variables:
PATH=C:\Program Files\Java\jdk1.8.0_231\jre\bin;C:/Program Files/Java/jre1.8.0_231/bin/server;C:/Program Files/Java/jre1.8.0_231/bin;C:/Program Files/Java/jre1.8.0_231/lib/amd64;C:\ProgramData\DockerDesktop\version-bin;C:\Program Files\Docker\Docker\Resources\bin;C:\Program Files (x86)\Common Files\Oracle\Java\javapath;C:\windows\system32;C:\windows;C:\windows\System32\Wbem;C:\windows\System32\WindowsPowerShell\v1.0\;C:\windows\System32\OpenSSH\;C:\Program Files (x86)\Sennheiser\SoftphoneSDK\;C:\Program Files (x86)\Plantronics\Spokes3G\;C:\Program Files (x86)\Box\Box Edit\;C:\Program Files (x86)\Symantec\VIP Access Client\;C:\Users\rg030672\Documents\apache-maven-3.6.3\bin;C:\Program Files\Git\cmd;C:\Users\rg030672\AppData\Local\Microsoft\WindowsApps;;C:\Users\rg030672\Documents\eclipse;
USERNAME=rg030672
OS=Windows_NT
PROCESSOR_IDENTIFIER=Intel64 Family 6 Model 158 Stepping 13, GenuineIntel



---------------  S Y S T E M  ---------------

OS: Windows 10.0 , 64 bit Build 18362 (10.0.18362.329)

CPU:total 16 (initial active 16) (8 cores per cpu, 2 threads per core) family 6 model 158 stepping 13, cmov, cx8, fxsr, mmx, sse, sse2, sse3, ssse3, sse4.1, sse4.2, popcnt, avx, avx2, aes, clmul, erms, rtm, 3dnowpref, lzcnt, ht, tsc, tscinvbit, bmi1, bmi2, adx

Memory: 4k page, physical 33266144k(20172400k free), swap 38246880k(22309272k free)

vm_info: Java HotSpot(TM) 64-Bit Server VM (25.231-b11) for windows-amd64 JRE (1.8.0_231-b11), built on Oct  5 2019 03:11:30 by "java_re" with MS VC++ 10.0 (VS2010)

time: Thu Jan 16 11:52:00 2020
timezone: India Standard Time
elapsed time: 499 seconds (0d 0h 8m 19s)

